Nov 22, 2025 6:27:57 PM com.elvarg.Elvarg main
INFO: Initializing the game...
Nov 22, 2025 6:27:57 PM com.elvarg.Elvarg main
INFO: Loading definitions...
Nov 22, 2025 6:27:58 PM jaggrab.Jaggrab init
INFO: Starting workers...
Nov 22, 2025 6:27:58 PM jaggrab.Jaggrab init
INFO: Starting services...
Nov 22, 2025 6:27:58 PM jaggrab.Jaggrab start
INFO: Binding JAGGRAB service to port 43596...
Nov 22, 2025 6:27:58 PM jaggrab.Jaggrab start
INFO: Binding ondemand service to port 43597...
Nov 22, 2025 6:27:58 PM jaggrab.Jaggrab init
INFO: Ready for connections.
Nov 22, 2025 6:27:59 PM com.elvarg.Elvarg main
INFO: Binding port 43595...
Nov 22, 2025 6:27:59 PM com.elvarg.Elvarg main
INFO: Starting game engine...
Nov 22, 2025 6:27:59 PM com.elvarg.Elvarg main
INFO: The loader has finished loading utility tasks.
Nov 22, 2025 6:27:59 PM com.elvarg.Elvarg main
INFO: Elvarg is now online on port 43595!
